8/08/2014 4:16:20 PM	This log contains information about the import schema operation into project 'DatabaseProject' on computer 'BEAK' by user 'cshah'.
8/08/2014 4:16:20 PM	Import of database schema has started.
8/08/2014 4:16:28 PM	Gathering database options
8/08/2014 4:16:28 PM	Gathering users
8/08/2014 4:16:28 PM	Gathering roles
8/08/2014 4:16:28 PM	Gathering application roles
8/08/2014 4:16:28 PM	Gathering role memberships
8/08/2014 4:16:28 PM	Gathering filegroups
8/08/2014 4:16:28 PM	Gathering full-text catalogs
8/08/2014 4:16:28 PM	Gathering assemblies
8/08/2014 4:16:28 PM	Gathering certificates
8/08/2014 4:16:28 PM	Gathering asymmetric keys
8/08/2014 4:16:28 PM	Gathering symmetric keys
8/08/2014 4:16:28 PM	Gathering encrypted symmetric keys
8/08/2014 4:16:28 PM	Gathering schemas
8/08/2014 4:16:31 PM	Gathering XML schema collections
8/08/2014 4:16:31 PM	Gathering user-defined data types
8/08/2014 4:16:31 PM	Gathering user-defined types
8/08/2014 4:16:31 PM	Gathering table types
8/08/2014 4:16:31 PM	Gathering unique keys for table types
8/08/2014 4:16:31 PM	Gathering primary keys for table types
8/08/2014 4:16:31 PM	Gathering check constraints for table types
8/08/2014 4:16:31 PM	Gathering default constraints for table types
8/08/2014 4:16:31 PM	Gathering partition functions
8/08/2014 4:16:31 PM	Gathering partition schemes
8/08/2014 4:16:31 PM	Gathering functions
8/08/2014 4:16:31 PM	Gathering encrypted functions
8/08/2014 4:16:31 PM	Gathering aggregates
8/08/2014 4:16:31 PM	Gathering procedures
8/08/2014 4:16:31 PM	Gathering encrypted procedures
8/08/2014 4:16:31 PM	Gathering tables
8/08/2014 4:16:31 PM	Gathering primary keys
8/08/2014 4:16:31 PM	Gathering unique constraints
8/08/2014 4:16:31 PM	Gathering foreign keys
8/08/2014 4:16:31 PM	Gathering default constraints
8/08/2014 4:16:31 PM	Gathering check constraints
8/08/2014 4:16:31 PM	Gathering views
8/08/2014 4:16:31 PM	Gathering encrypted views
8/08/2014 4:16:31 PM	Gathering indexes
8/08/2014 4:16:31 PM	Gathering statistics
8/08/2014 4:16:31 PM	Gathering full-text index stoplists
8/08/2014 4:16:31 PM	Gathering search property lists
8/08/2014 4:16:31 PM	Gathering search properties
8/08/2014 4:16:31 PM	Gathering full-text indexes
8/08/2014 4:16:31 PM	Gathering column store indexes
8/08/2014 4:16:31 PM	Gathering spatial indexes
8/08/2014 4:16:31 PM	Gathering XML indexes
8/08/2014 4:16:31 PM	Gathering Selective XML indexes
8/08/2014 4:16:31 PM	Gathering encrypted triggers
8/08/2014 4:16:31 PM	Gathering triggers
8/08/2014 4:16:31 PM	Gathering encrypted and clr ddl triggers
8/08/2014 4:16:31 PM	Gathering ddl triggers
8/08/2014 4:16:31 PM	Gathering synonyms
8/08/2014 4:16:31 PM	Gathering defaults
8/08/2014 4:16:31 PM	Gathering data constraint uddt bindings
8/08/2014 4:16:31 PM	Gathering rules
8/08/2014 4:16:31 PM	Gathering data constraint uddt bindings
8/08/2014 4:16:31 PM	Gathering message types
8/08/2014 4:16:31 PM	Gathering queues
8/08/2014 4:16:31 PM	Gathering contracts
8/08/2014 4:16:31 PM	Gathering services
8/08/2014 4:16:31 PM	Gathering event notifications
8/08/2014 4:16:31 PM	Gathering remote service bindings
8/08/2014 4:16:31 PM	Gathering broker priorities
8/08/2014 4:16:31 PM	Gathering signatures
8/08/2014 4:16:31 PM	Gathering data compression options
8/08/2014 4:16:31 PM	Gathering sequence types
8/08/2014 4:16:31 PM	Gathering extended properties
8/08/2014 4:16:32 PM	Gathering credentials
8/08/2014 4:16:32 PM	Gathering logins
8/08/2014 4:16:32 PM	Gathering server audits
8/08/2014 4:16:32 PM	Scanning project for duplicate elements
8/08/2014 4:16:32 PM	Finished duplicate element processing
8/08/2014 4:16:32 PM	Finished importing database.
8/08/2014 4:16:32 PM	A summary of the import was saved to the following location: C:\Chintan\ProtoTypes\EntityFrameworkResearch\DatabaseProject\Import Schema Logs\DatabaseProject_20140808061620.log
8/08/2014 4:16:32 PM	Click Finish to continue...
